--------------------------------------------------
---- Marvellous Platform Surveillance System -----
Log created at : Mon Feb  9 09:57:02 2026
--------------------------------------------------

----------------- System Report ------------------
--------------------------------------------------
CPU Usage : 16.1 %
--------------------------------------------------
Memory (RAM) Usage Details
--------------------------------------------------
Total RAM      : 7.73 GB
Used RAM       : 7.04 GB
Available RAM  : 0.70 GB
RAM Usage      : 91.0 %
--------------------------------------------------

Disk Usage Report
--------------------------------------------------
C:\ -> 52.7 % used
--------------------------------------------------

Network Usage Report
Sent : 19.30 MB
Recv : 48.51 MB
--------------------------------------------------
--------------------------------------------------
----------------- End of Log File ----------------
--------------------------------------------------
