--------------------------------------------------
---- Marvellous Platform Surveillance System -----
Log created at : Mon Feb  9 10:02:02 2026
--------------------------------------------------

----------------- System Report ------------------
--------------------------------------------------
CPU Usage : 16.8 %
--------------------------------------------------
Memory (RAM) Usage Details
--------------------------------------------------
Total RAM      : 7.73 GB
Used RAM       : 7.10 GB
Available RAM  : 0.64 GB
RAM Usage      : 91.8 %
--------------------------------------------------

Disk Usage Report
--------------------------------------------------
C:\ -> 52.7 % used
--------------------------------------------------

Network Usage Report
Sent : 22.17 MB
Recv : 50.31 MB
--------------------------------------------------
--------------------------------------------------
----------------- End of Log File ----------------
--------------------------------------------------
