--------------------------------------------------
---- Marvellous Platform Surveillance System -----
Log created at : Mon Feb  9 10:03:02 2026
--------------------------------------------------

----------------- System Report ------------------
--------------------------------------------------
CPU Usage : 22.2 %
--------------------------------------------------
Memory (RAM) Usage Details
--------------------------------------------------
Total RAM      : 7.73 GB
Used RAM       : 6.46 GB
Available RAM  : 1.28 GB
RAM Usage      : 83.5 %
--------------------------------------------------

Disk Usage Report
--------------------------------------------------
C:\ -> 52.7 % used
--------------------------------------------------

Network Usage Report
Sent : 22.29 MB
Recv : 50.59 MB
--------------------------------------------------
--------------------------------------------------
----------------- End of Log File ----------------
--------------------------------------------------
