--------------------------------------------------
---- Marvellous Platform Surveillance System -----
Log created at : Mon Feb  9 10:04:02 2026
--------------------------------------------------

----------------- System Report ------------------
--------------------------------------------------
CPU Usage : 23.9 %
--------------------------------------------------
Memory (RAM) Usage Details
--------------------------------------------------
Total RAM      : 7.73 GB
Used RAM       : 7.05 GB
Available RAM  : 0.69 GB
RAM Usage      : 91.1 %
--------------------------------------------------

Disk Usage Report
--------------------------------------------------
C:\ -> 52.7 % used
--------------------------------------------------

Network Usage Report
Sent : 22.67 MB
Recv : 50.89 MB
--------------------------------------------------
--------------------------------------------------
----------------- End of Log File ----------------
--------------------------------------------------
