--------------------------------------------------
---- Marvellous Platform Surveillance System -----
Log created at : Mon Feb  9 09:58:02 2026
--------------------------------------------------

----------------- System Report ------------------
--------------------------------------------------
CPU Usage : 21.6 %
--------------------------------------------------
Memory (RAM) Usage Details
--------------------------------------------------
Total RAM      : 7.73 GB
Used RAM       : 6.33 GB
Available RAM  : 1.40 GB
RAM Usage      : 81.9 %
--------------------------------------------------

Disk Usage Report
--------------------------------------------------
C:\ -> 52.7 % used
--------------------------------------------------

Network Usage Report
Sent : 19.70 MB
Recv : 48.96 MB
--------------------------------------------------
--------------------------------------------------
----------------- End of Log File ----------------
--------------------------------------------------
