--------------------------------------------------
---- Marvellous Platform Surveillance System -----
Log created at : Mon Feb  9 09:56:02 2026
--------------------------------------------------

----------------- System Report ------------------
--------------------------------------------------
CPU Usage : 17.0 %
--------------------------------------------------
Memory (RAM) Usage Details
--------------------------------------------------
Total RAM      : 7.73 GB
Used RAM       : 7.08 GB
Available RAM  : 0.66 GB
RAM Usage      : 91.5 %
--------------------------------------------------

Disk Usage Report
--------------------------------------------------
C:\ -> 52.7 % used
--------------------------------------------------

Network Usage Report
Sent : 19.07 MB
Recv : 48.19 MB
--------------------------------------------------
--------------------------------------------------
----------------- End of Log File ----------------
--------------------------------------------------
