--------------------------------------------------
---- Marvellous Platform Surveillance System -----
Log created at : Mon Feb  9 10:00:02 2026
--------------------------------------------------

----------------- System Report ------------------
--------------------------------------------------
CPU Usage : 18.5 %
--------------------------------------------------
Memory (RAM) Usage Details
--------------------------------------------------
Total RAM      : 7.73 GB
Used RAM       : 6.71 GB
Available RAM  : 1.03 GB
RAM Usage      : 86.7 %
--------------------------------------------------

Disk Usage Report
--------------------------------------------------
C:\ -> 52.7 % used
--------------------------------------------------

Network Usage Report
Sent : 21.06 MB
Recv : 49.62 MB
--------------------------------------------------
--------------------------------------------------
----------------- End of Log File ----------------
--------------------------------------------------
