--------------------------------------------------
---- Marvellous Platform Surveillance System -----
Log created at : Mon Feb  9 10:01:02 2026
--------------------------------------------------

----------------- System Report ------------------
--------------------------------------------------
CPU Usage : 17.5 %
--------------------------------------------------
Memory (RAM) Usage Details
--------------------------------------------------
Total RAM      : 7.73 GB
Used RAM       : 7.07 GB
Available RAM  : 0.67 GB
RAM Usage      : 91.4 %
--------------------------------------------------

Disk Usage Report
--------------------------------------------------
C:\ -> 52.7 % used
--------------------------------------------------

Network Usage Report
Sent : 21.59 MB
Recv : 49.99 MB
--------------------------------------------------
--------------------------------------------------
----------------- End of Log File ----------------
--------------------------------------------------
