--------------------------------------------------
---- Marvellous Platform Surveillance System -----
Log created at : Mon Feb  9 09:55:01 2026
--------------------------------------------------

----------------- System Report ------------------
--------------------------------------------------
CPU Usage : 23.9 %
--------------------------------------------------
Memory (RAM) Usage Details
--------------------------------------------------
Total RAM      : 7.73 GB
Used RAM       : 6.88 GB
Available RAM  : 0.85 GB
RAM Usage      : 89.0 %
--------------------------------------------------

Disk Usage Report
--------------------------------------------------
C:\ -> 52.7 % used
--------------------------------------------------

Network Usage Report
Sent : 18.80 MB
Recv : 47.91 MB
--------------------------------------------------
--------------------------------------------------
----------------- End of Log File ----------------
--------------------------------------------------
